[10Apr2025 02:54:22.318] [main/INFO] [cpw.mods.modlauncher.Launcher/MODLAUNCHER]: ModLauncher running: args [--gameDir, ., --launchTarget, fmlserver, --fml.forgeVersion, 36.2.42, --fml.mcpVersion, 20210115.111550, --fml.mcVersion, 1.16.5, --fml.forgeGroup, net.minecraftforge, nogui]
[10Apr2025 02:54:22.321] [main/INFO] [cpw.mods.modlauncher.Launcher/MODLAUNCHER]: ModLauncher 8.1.3+8.1.3+main-8.1.x.c94d18ec starting: java version 11.0.26 by Ubuntu
[10Apr2025 02:54:22.496] [main/INFO] [optifine.OptiFineTransformationService/]: OptiFineTransformationService.onLoad
[10Apr2025 02:54:22.497] [main/INFO] [optifine.OptiFineTransformationService/]: OptiFine ZIP file URL: file:/workspaces/HARDCORE-Z-chafa/servidor_minecraft/mods/OptiFine_1.18.2_HD_U_H7.jar
[10Apr2025 02:54:22.498] [main/INFO] [optifine.OptiFineTransformationService/]: OptiFine ZIP file: /workspaces/HARDCORE-Z-chafa/servidor_minecraft/mods/OptiFine_1.18.2_HD_U_H7.jar
[10Apr2025 02:54:22.500] [main/INFO] [optifine.OptiFineTransformer/]: Target.PRE_CLASS is available
[10Apr2025 02:54:22.638] [main/INFO] [net.minecraftforge.fml.loading.FixSSL/CORE]: Added Lets Encrypt root certificates as additional trust
[10Apr2025 02:54:22.719] [main/INFO] [mixin/]: SpongePowered MIXIN Subsystem Version=0.8.4 Source=file:/workspaces/HARDCORE-Z-chafa/servidor_minecraft/libraries/org/spongepowered/mixin/0.8.4/mixin-0.8.4.jar Service=ModLauncher Env=SERVER
[10Apr2025 02:54:22.729] [main/INFO] [optifine.OptiFineTransformationService/]: OptiFineTransformationService.initialize
[10Apr2025 02:54:22.860] [main/INFO] [STDERR/]: [java.lang.ThreadGroup:uncaughtException:1050]: java.lang.AbstractMethodError: Receiver class optifine.OptiFineTransformationService does not define or inherit an implementation of the resolved method 'abstract void beginScanning(cpw.mods.modlauncher.api.IEnvironment)' of interface cpw.mods.modlauncher.api.ITransformationService.
[10Apr2025 02:54:22.861] [main/INFO] [STDERR/]: [java.lang.ThreadGroup:uncaughtException:1050]: 	at cpw.mods.modlauncher.api.ITransformationService.runScan(ITransformationService.java:74)
[10Apr2025 02:54:22.861] [main/INFO] [STDERR/]: [java.lang.ThreadGroup:uncaughtException:1050]: 	at cpw.mods.modlauncher.TransformationServiceDecorator.runScan(TransformationServiceDecorator.java:114)
[10Apr2025 02:54:22.862] [main/INFO] [STDERR/]: [java.lang.ThreadGroup:uncaughtException:1050]: 	at cpw.mods.modlauncher.TransformationServicesHandler.lambda$runScanningTransformationServices$8(TransformationServicesHandler.java:115)
[10Apr2025 02:54:22.862] [main/INFO] [STDERR/]: [java.lang.ThreadGroup:uncaughtException:1050]: 	at java.base/java.util.stream.ReferencePipeline$7$1.accept(ReferencePipeline.java:271)
[10Apr2025 02:54:22.862] [main/INFO] [STDERR/]: [java.lang.ThreadGroup:uncaughtException:1050]: 	at java.base/java.util.HashMap$ValueSpliterator.forEachRemaining(HashMap.java:1693)
[10Apr2025 02:54:22.863] [main/INFO] [STDERR/]: [java.lang.ThreadGroup:uncaughtException:1050]: 	at java.base/java.util.stream.AbstractPipeline.copyInto(AbstractPipeline.java:484)
[10Apr2025 02:54:22.863] [main/INFO] [STDERR/]: [java.lang.ThreadGroup:uncaughtException:1050]: 	at java.base/java.util.stream.AbstractPipeline.wrapAndCopyInto(AbstractPipeline.java:474)
[10Apr2025 02:54:22.863] [main/INFO] [STDERR/]: [java.lang.ThreadGroup:uncaughtException:1050]: 	at java.base/java.util.stream.ReduceOps$ReduceOp.evaluateSequential(ReduceOps.java:913)
[10Apr2025 02:54:22.864] [main/INFO] [STDERR/]: [java.lang.ThreadGroup:uncaughtException:1050]: 	at java.base/java.util.stream.AbstractPipeline.evaluate(AbstractPipeline.java:234)
[10Apr2025 02:54:22.864] [main/INFO] [STDERR/]: [java.lang.ThreadGroup:uncaughtException:1050]: 	at java.base/java.util.stream.ReferencePipeline.collect(ReferencePipeline.java:578)
[10Apr2025 02:54:22.864] [main/INFO] [STDERR/]: [java.lang.ThreadGroup:uncaughtException:1050]: 	at cpw.mods.modlauncher.TransformationServicesHandler.runScanningTransformationServices(TransformationServicesHandler.java:116)
[10Apr2025 02:54:22.864] [main/INFO] [STDERR/]: [java.lang.ThreadGroup:uncaughtException:1050]: 	at cpw.mods.modlauncher.TransformationServicesHandler.initializeTransformationServices(TransformationServicesHandler.java:63)
[10Apr2025 02:54:22.865] [main/INFO] [STDERR/]: [java.lang.ThreadGroup:uncaughtException:1050]: 	at cpw.mods.modlauncher.Launcher.run(Launcher.java:76)
[10Apr2025 02:54:22.865] [main/INFO] [STDERR/]: [java.lang.ThreadGroup:uncaughtException:1050]: 	at cpw.mods.modlauncher.Launcher.main(Launcher.java:66)
[10Apr2025 02:54:22.865] [main/INFO] [STDERR/]: [java.lang.ThreadGroup:uncaughtException:1050]: 	at net.minecraftforge.server.ServerMain$Runner.runLauncher(ServerMain.java:49)
[10Apr2025 02:54:22.866] [main/INFO] [STDERR/]: [java.lang.ThreadGroup:uncaughtException:1050]: 	at net.minecraftforge.server.ServerMain$Runner.access$100(ServerMain.java:46)
[10Apr2025 02:54:22.866] [main/INFO] [STDERR/]: [java.lang.ThreadGroup:uncaughtException:1050]: 	at net.minecraftforge.server.ServerMain.main(ServerMain.java:43)
